This is XeTeX, Version 3.14159265-2.6-0.99998 (TeX Live 2017/W32TeX) (preloaded format=xelatex 2022.5.5)  22 JUL 2022 22:21
entering extended mode
 restricted \write18 enabled.
 %&-line parsing enabled.
**./document.tex
(./document.tex
LaTeX2e <2017-04-15>
Babel <3.10> and hyphenation patterns for 84 language(s) loaded.
(g:/Latex/texmf-dist/tex/latex/base/article.cls
Document Class: article 2014/09/29 v1.4h Standard LaTeX document class
(g:/Latex/texmf-dist/tex/latex/base/size11.clo
File: size11.clo 2014/09/29 v1.4h Standard LaTeX file (size option)
)
\c@part=\count79
\c@section=\count80
\c@subsection=\count81
\c@subsubsection=\count82
\c@paragraph=\count83
\c@subparagraph=\count84
\c@figure=\count85
\c@table=\count86
\abovecaptionskip=\skip41
\belowcaptionskip=\skip42
\bibindent=\dimen102
)
(g:/Latex/texmf-dist/tex/latex/ctex/ctex.sty
(g:/Latex/texmf-dist/tex/latex/l3kernel/expl3.sty
Package: expl3 2017/05/13 L3 programming layer (loader) 

(g:/Latex/texmf-dist/tex/latex/l3kernel/expl3-code.tex
Package: expl3 2017/05/13 L3 programming layer (code)
\c_max_int=\count87
\l_tmpa_int=\count88
\l_tmpb_int=\count89
\g_tmpa_int=\count90
\g_tmpb_int=\count91
\g__prg_map_int=\count92
\c_log_iow=\count93
\l_iow_line_count_int=\count94
\l__iow_line_target_int=\count95
\l__iow_one_indent_int=\count96
\l__iow_indent_int=\count97
\c_zero_dim=\dimen103
\c_max_dim=\dimen104
\l_tmpa_dim=\dimen105
\l_tmpb_dim=\dimen106
\g_tmpa_dim=\dimen107
\g_tmpb_dim=\dimen108
\c_zero_skip=\skip43
\c_max_skip=\skip44
\l_tmpa_skip=\skip45
\l_tmpb_skip=\skip46
\g_tmpa_skip=\skip47
\g_tmpb_skip=\skip48
\c_zero_muskip=\muskip10
\c_max_muskip=\muskip11
\l_tmpa_muskip=\muskip12
\l_tmpb_muskip=\muskip13
\g_tmpa_muskip=\muskip14
\g_tmpb_muskip=\muskip15
\l_keys_choice_int=\count98
\c__fp_leading_shift_int=\count99
\c__fp_middle_shift_int=\count100
\c__fp_trailing_shift_int=\count101
\c__fp_big_leading_shift_int=\count102
\c__fp_big_middle_shift_int=\count103
\c__fp_big_trailing_shift_int=\count104
\c__fp_Bigg_leading_shift_int=\count105
\c__fp_Bigg_middle_shift_int=\count106
\c__fp_Bigg_trailing_shift_int=\count107
\l__sort_length_int=\count108
\l__sort_min_int=\count109
\l__sort_top_int=\count110
\l__sort_max_int=\count111
\l__sort_true_max_int=\count112
\l__sort_block_int=\count113
\l__sort_begin_int=\count114
\l__sort_end_int=\count115
\l__sort_A_int=\count116
\l__sort_B_int=\count117
\l__sort_C_int=\count118
\c_empty_box=\box26
\l_tmpa_box=\box27
\l_tmpb_box=\box28
\g_tmpa_box=\box29
\g_tmpb_box=\box30
\l__box_top_dim=\dimen109
\l__box_bottom_dim=\dimen110
\l__box_left_dim=\dimen111
\l__box_right_dim=\dimen112
\l__box_top_new_dim=\dimen113
\l__box_bottom_new_dim=\dimen114
\l__box_left_new_dim=\dimen115
\l__box_right_new_dim=\dimen116
\l__box_internal_box=\box31
\l__coffin_internal_box=\box32
\l__coffin_internal_dim=\dimen117
\l__coffin_offset_x_dim=\dimen118
\l__coffin_offset_y_dim=\dimen119
\l__coffin_x_dim=\dimen120
\l__coffin_y_dim=\dimen121
\l__coffin_x_prime_dim=\dimen122
\l__coffin_y_prime_dim=\dimen123
\c_empty_coffin=\box33
\l__coffin_aligned_coffin=\box34
\l__coffin_aligned_internal_coffin=\box35
\l_tmpa_coffin=\box36
\l_tmpb_coffin=\box37
\l__coffin_display_coffin=\box38
\l__coffin_display_coord_coffin=\box39
\l__coffin_display_pole_coffin=\box40
\l__coffin_display_offset_dim=\dimen124
\l__coffin_display_x_dim=\dimen125
\l__coffin_display_y_dim=\dimen126
\l__coffin_bounding_shift_dim=\dimen127
\l__coffin_left_corner_dim=\dimen128
\l__coffin_right_corner_dim=\dimen129
\l__coffin_bottom_corner_dim=\dimen130
\l__coffin_top_corner_dim=\dimen131
\l__coffin_scaled_total_height_dim=\dimen132
\l__coffin_scaled_width_dim=\dimen133
)
(g:/Latex/texmf-dist/tex/latex/l3kernel/l3xdvipdfmx.def
File: l3xdvidpfmx.def 2017/03/18 v L3 Experimental driver: xdvipdfmx
\l__driver_tmp_box=\box41
))
Package: ctex 2017/04/01 v2.4.9 Chinese adapter in LaTeX (CTEX)

(g:/Latex/texmf-dist/tex/latex/l3packages/xparse/xparse.sty
Package: xparse 2017/05/13 L3 Experimental document command parser
\l__xparse_current_arg_int=\count119
\g__xparse_grabber_int=\count120
\l__xparse_m_args_int=\count121
\l__xparse_mandatory_args_int=\count122
\l__xparse_v_nesting_int=\count123
)
(g:/Latex/texmf-dist/tex/latex/l3packages/l3keys2e/l3keys2e.sty
Package: l3keys2e 2017/05/13 LaTeX2e option processing using LaTeX3 keys
)
\g__file_internal_ior=\read1

(g:/Latex/texmf-dist/tex/latex/ctex/ctexhook.sty
Package: ctexhook 2017/04/01 v2.4.9 Document and package hooks (CTEX)
)
(g:/Latex/texmf-dist/tex/latex/ctex/ctexpatch.sty
Package: ctexpatch 2017/04/01 v2.4.9 Patching commands (CTEX)
)
(g:/Latex/texmf-dist/tex/latex/base/fix-cm.sty
Package: fix-cm 2015/01/14 v1.1t fixes to LaTeX

(g:/Latex/texmf-dist/tex/latex/base/ts1enc.def
File: ts1enc.def 2001/06/05 v3.0e (jk/car/fm) Standard LaTeX file
))
(g:/Latex/texmf-dist/tex/latex/ms/everysel.sty
Package: everysel 2011/10/28 v1.2 EverySelectfont Package (MS)
)
\l__ctex_tmp_int=\count124
\l__ctex_tmp_box=\box42
\l__ctex_tmp_dim=\dimen134

(g:/Latex/texmf-dist/tex/latex/ctex/config/ctexopts.cfg
File: ctexopts.cfg 2017/04/01 v2.4.9 Option configuration file (CTEX)
)
(g:/Latex/texmf-dist/tex/latex/ctex/engine/ctex-engine-xetex.def
File: ctex-engine-xetex.def 2017/04/01 v2.4.9 XeLaTeX adapter (CTEX)

(g:/Latex/texmf-dist/tex/xelatex/xecjk/xeCJK.sty
Package: xeCJK 2017/05/15 v3.4.8 Typesetting CJK scripts with XeLaTeX

(g:/Latex/texmf-dist/tex/latex/l3packages/xtemplate/xtemplate.sty
Package: xtemplate 2017/05/13 L3 Experimental prototype document functions
\l__xtemplate_tmp_dim=\dimen135
\l__xtemplate_tmp_int=\count125
\l__xtemplate_tmp_muskip=\muskip16
\l__xtemplate_tmp_skip=\skip49
)
\l__xeCJK_tmp_int=\count126
\l__xeCJK_tmp_box=\box43
\l__xeCJK_tmp_dim=\dimen136
\l__xeCJK_tmp_skip=\skip50
.................................................
. LaTeX info: "xparse/define-command"
. 
. Defining command \xeCJKShipoutHook with sig. '' on line 148.
.................................................
\g__xeCJK_spacefactor_int=\count127
\l__xeCJK_begin_int=\count128
\l__xeCJK_end_int=\count129
.................................................
. LaTeX info: "xparse/define-command"
. 
. Defining command \makexeCJKactive with sig. '' on line 377.
.................................................
.................................................
. LaTeX info: "xparse/define-command"
. 
. Defining command \makexeCJKinactive with sig. '' on line 378.
.................................................
\c__xeCJK_CJK_class_int=\XeTeXcharclass1
\c__xeCJK_FullLeft_class_int=\XeTeXcharclass2
\c__xeCJK_FullRight_class_int=\XeTeXcharclass3
\c__xeCJK_HalfLeft_class_int=\XeTeXcharclass4
\c__xeCJK_HalfRight_class_int=\XeTeXcharclass5
\c__xeCJK_NormalSpace_class_int=\XeTeXcharclass6
\c__xeCJK_CM_class_int=\XeTeXcharclass7
\c__xeCJK_HangulJamo_class_int=\XeTeXcharclass8
.................................................
. LaTeX info: "xparse/define-command"
. 
. Defining command \xeCJKDeclareCharClass with sig. 's>{\TrimSpaces }mm' on
. line 542.
.................................................
.................................................
. LaTeX info: "xparse/define-command"
. 
. Defining command \__xeCJK_set_char_class_aux:Nnw with sig.
. 'm>{\SplitArgument {1}{->}}m' on line 563.
.................................................
.................................................
. LaTeX info: "xparse/define-command"
. 
. Defining command \normalspacedchars with sig. 'm' on line 608.
.................................................
.................................................
. LaTeX info: "xparse/define-command"
. 
. Defining command \xeCJKResetPunctClass with sig. '' on line 619.
.................................................
.................................................
. LaTeX info: "xparse/define-command"
. 
. Defining command \xeCJKResetCharClass with sig. '' on line 631.
.................................................
\l__xeCJK_last_skip=\skip51
\g__xeCJK_node_int=\count130
\c__xeCJK_CJK_node_dim=\dimen137
\c__xeCJK_CJK-space_node_dim=\dimen138
\c__xeCJK_default_node_dim=\dimen139
\c__xeCJK_default-space_node_dim=\dimen140
\c__xeCJK_CJK-widow_node_dim=\dimen141
\c__xeCJK_normalspace_node_dim=\dimen142
\l__xeCJK_ccglue_skip=\skip52
\l__xeCJK_ecglue_skip=\skip53
.................................................
. LaTeX info: "xparse/define-command"
. 
. Defining command \xeCJKnobreak with sig. '' on line 1470.
.................................................
\l__xeCJK_widow_penalty_int=\count131
.................................................
. LaTeX info: "xparse/define-command"
. 
. Defining command \xeCJKDeclareSubCJKBlock with sig. 's>{\TrimSpaces }mm' on
. line 1666.
.................................................
.................................................
. LaTeX info: "xparse/define-command"
. 
. Defining command \xeCJKCancelSubCJKBlock with sig. 'sm' on line 1677.
.................................................
.................................................
. LaTeX info: "xparse/define-command"
. 
. Defining command \xeCJKRestoreSubCJKBlock with sig. 'sm' on line 1686.
.................................................
.................................................
. LaTeX info: "xparse/define-command"
. 
. Defining command \xeCJKsetwidth with sig. 'smm' on line 1784.
.................................................
.................................................
. LaTeX info: "xparse/define-command"
. 
. Defining command \xeCJKsetkern with sig. 'mmm' on line 1788.
.................................................
.................................................
. xtemplate info: "declare-object-type"
. 
. Declaring object type 'xeCJK/punctuation' taking 0 argument(s) on line 1925.
.................................................
\l__xeCJK_fixed_punct_width_dim=\dimen143
\l__xeCJK_mixed_punct_width_dim=\dimen144
\l__xeCJK_middle_punct_width_dim=\dimen145
\l__xeCJK_fixed_margin_width_dim=\dimen146
\l__xeCJK_mixed_margin_width_dim=\dimen147
\l__xeCJK_middle_margin_width_dim=\dimen148
\l__xeCJK_bound_punct_width_dim=\dimen149
\l__xeCJK_bound_margin_width_dim=\dimen150
\l__xeCJK_margin_minimum_dim=\dimen151
\l__xeCJK_kerning_total_width_dim=\dimen152
\l__xeCJK_same_align_margin_dim=\dimen153
\l__xeCJK_different_align_margin_dim=\dimen154
\l__xeCJK_kerning_margin_width_dim=\dimen155
\l__xeCJK_kerning_margin_minimum_dim=\dimen156
\l__xeCJK_bound_dim=\dimen157
\l__xeCJK_reverse_bound_dim=\dimen158
\l__xeCJK_minimum_bound_dim=\dimen159
\l__xeCJK_kerning_margin_dim=\dimen160
\l__xeCJK_original_margin_dim=\dimen161
.................................................
. LaTeX info: "xparse/define-command"
. 
. Defining command \xeCJKDeclarePunctStyle with sig. '>{\TrimSpaces }mm' on
. line 2423.
.................................................
.................................................
. LaTeX info: "xparse/define-command"
. 
. Defining command \xeCJKEditPunctStyle with sig. '>{\TrimSpaces }mm' on line
. 2436.
.................................................
.................................................
. LaTeX info: "xparse/define-command"
. 
. Defining command \setCJKfallbackfamilyfont with sig. 'mom' on line 2528.
.................................................
\g__xeCJK_family_int=\count132
.................................................
. LaTeX info: "xparse/define-command"
. 
. Defining command \CJKfamily with sig. 't+t-m' on line 2955.
.................................................
.................................................
. LaTeX info: "xparse/define-command"
. 
. Defining command \__xeCJK_gobble_CJKfamily:wn with sig. 't+t-m' on line
. 2969.
.................................................
.................................................
. LaTeX info: "xparse/define-command"
. 
. Defining command \__xeCJK_post_arg:w with sig. 'mmmO{}' on line 3028.
.................................................
.................................................
. LaTeX info: "xparse/define-command"
. 
. Defining command \setCJKmainfont with sig. 'om' on line 3034.
.................................................
.................................................
. LaTeX info: "xparse/define-command"
. 
. Defining command \setCJKsansfont with sig. 'om' on line 3041.
.................................................
.................................................
. LaTeX info: "xparse/define-command"
. 
. Defining command \setCJKmonofont with sig. 'om' on line 3047.
.................................................
.................................................
. LaTeX info: "xparse/define-command"
. 
. Defining command \setCJKfamilyfont with sig. 'mom' on line 3058.
.................................................
.................................................
. LaTeX info: "xparse/define-command"
. 
. Defining command \newCJKfontfamily with sig. 'omom' on line 3066.
.................................................
.................................................
. LaTeX info: "xparse/define-command"
. 
. Defining command \CJKfontspec with sig. 'om' on line 3072.
.................................................
.................................................
. LaTeX info: "xparse/define-command"
. 
. Defining command \defaultCJKfontfeatures with sig. 'm' on line 3095.
.................................................
.................................................
. LaTeX info: "xparse/define-command"
. 
. Defining command \addCJKfontfeatures with sig. 'sO{}m' on line 3101.
.................................................
.................................................
. LaTeX info: "xparse/define-command"
. 
. Defining command \setCJKmathfont with sig. 'om' on line 3275.
.................................................
\l__xeCJK_fam_int=\count133
\g__xeCJK_fam_allocation_int=\count134
\l__xeCJK_verb_case_int=\count135
.................................................
. LaTeX info: "xparse/define-command"
. 
. Defining command \xeCJKVerbAddon with sig. '' on line 3515.
.................................................
.................................................
. LaTeX info: "xparse/define-command"
. 
. Defining command \xeCJKOffVerbAddon with sig. '' on line 3519.
.................................................
\l__xeCJK_verb_exspace_skip=\skip54

(g:/Latex/texmf-dist/tex/latex/fontspec/fontspec.sty
Package: fontspec 2017/03/31 v2.6a Font selection for XeLaTeX and LuaLaTeX

(g:/Latex/texmf-dist/tex/latex/fontspec/fontspec-xetex.sty
Package: fontspec-xetex 2017/03/31 v2.6a Font selection for XeLaTeX and LuaLaTe
X
\l__fontspec_script_int=\count136
\l__fontspec_language_int=\count137
\l__fontspec_strnum_int=\count138
\l__fontspec_tmp_int=\count139
\l__fontspec_em_int=\count140
\l__fontspec_emdef_int=\count141
\l__fontspec_strong_int=\count142
\l__fontspec_strongdef_int=\count143
\l__fontspec_tmpa_dim=\dimen162
\l__fontspec_tmpb_dim=\dimen163
\l__fontspec_tmpc_dim=\dimen164

(g:/Latex/texmf-dist/tex/latex/base/fontenc.sty
Package: fontenc 2017/04/05 v2.0i Standard LaTeX package

(g:/Latex/texmf-dist/tex/latex/base/tuenc.def
File: tuenc.def 2017/04/05 v2.0i Standard LaTeX file
LaTeX Font Info:    Redeclaring font encoding TU on input line 82.
))
.................................................
. LaTeX info: "xparse/define-command"
. 
. Defining command \fontspec with sig. 'O{}mO{}' on line 472.
.................................................
.................................................
. LaTeX info: "xparse/define-command"
. 
. Defining command \setmainfont with sig. 'O{}mO{}' on line 483.
.................................................
.................................................
. LaTeX info: "xparse/define-command"
. 
. Defining command \setsansfont with sig. 'O{}mO{}' on line 503.
.................................................
.................................................
. LaTeX info: "xparse/define-command"
. 
. Defining command \setmonofont with sig. 'O{}mO{}' on line 523.
.................................................
.................................................
. LaTeX info: "xparse/define-command"
. 
. Defining command \setromanfont with sig. 'O{}mO{}' on line 543.
.................................................
.................................................
. LaTeX info: "xparse/define-command"
. 
. Defining command \setmathrm with sig. 'O{}mO{}' on line 547.
.................................................
.................................................
. LaTeX info: "xparse/define-command"
. 
. Defining command \setboldmathrm with sig. 'O{}mO{}' on line 555.
.................................................
.................................................
. LaTeX info: "xparse/define-command"
. 
. Defining command \setmathsf with sig. 'O{}mO{}' on line 563.
.................................................
.................................................
. LaTeX info: "xparse/define-command"
. 
. Defining command \setmathtt with sig. 'O{}mO{}' on line 571.
.................................................
.................................................
. LaTeX info: "xparse/define-command"
. 
. Defining command \newfontfamily with sig. 'mO{}mO{}' on line 586.
.................................................
.................................................
. LaTeX info: "xparse/define-command"
. 
. Defining command \newfontface with sig. 'mO{}mO{}' on line 603.
.................................................
.................................................
. LaTeX info: "xparse/define-command"
. 
. Defining command \defaultfontfeatures with sig. 't+om' on line 614.
.................................................
.................................................
. LaTeX info: "xparse/define-command"
. 
. Defining command \addfontfeatures with sig. 'm' on line 645.
.................................................
.................................................
. LaTeX info: "xparse/define-command"
. 
. Defining command \newfontfeature with sig. 'mm' on line 672.
.................................................
.................................................
. LaTeX info: "xparse/define-command"
. 
. Defining command \newAATfeature with sig. 'mmmm' on line 686.
.................................................
.................................................
. LaTeX info: "xparse/define-command"
. 
. Defining command \newopentypefeature with sig. 'mmm' on line 700.
.................................................
.................................................
. LaTeX info: "xparse/define-command"
. 
. Defining command \newICUfeature with sig. 'mmm' on line 720.
.................................................
.................................................
. LaTeX info: "xparse/define-command"
. 
. Defining command \aliasfontfeature with sig. 'mm' on line 724.
.................................................
.................................................
. LaTeX info: "xparse/define-command"
. 
. Defining command \aliasfontfeatureoption with sig. 'mmm' on line 745.
.................................................
.................................................
. LaTeX info: "xparse/define-command"
. 
. Defining command \newfontscript with sig. 'mm' on line 778.
.................................................
.................................................
. LaTeX info: "xparse/define-command"
. 
. Defining command \newfontlanguage with sig. 'mm' on line 782.
.................................................
.................................................
. LaTeX info: "xparse/define-command"
. 
. Defining command \DeclareFontsExtensions with sig. 'm' on line 786.
.................................................
.................................................
. LaTeX info: "xparse/define-command"
. 
. Defining command \IfFontFeatureActiveTF with sig. 'mmm' on line 797.
.................................................
.................................................
. LaTeX info: "xparse/define-command"
. 
. Defining command \EncodingCommand with sig. 'mO{}m' on line 3438.
.................................................
.................................................
. LaTeX info: "xparse/define-command"
. 
. Defining command \EncodingAccent with sig. 'mm' on line 3444.
.................................................
.................................................
. LaTeX info: "xparse/define-command"
. 
. Defining command \EncodingSymbol with sig. 'mm' on line 3450.
.................................................
.................................................
. LaTeX info: "xparse/define-command"
. 
. Defining command \EncodingComposite with sig. 'mmm' on line 3456.
.................................................
.................................................
. LaTeX info: "xparse/define-command"
. 
. Defining command \EncodingCompositeCommand with sig. 'mmm' on line 3462.
.................................................
.................................................
. LaTeX info: "xparse/define-command"
. 
. Defining command \DeclareUnicodeEncoding with sig. 'mm' on line 3487.
.................................................
.................................................
. LaTeX info: "xparse/define-command"
. 
. Defining command \UndeclareSymbol with sig. 'm' on line 3493.
.................................................
.................................................
. LaTeX info: "xparse/define-command"
. 
. Defining command \UndeclareComposite with sig. 'mm' on line 3501.
.................................................

(g:/Latex/texmf-dist/tex/latex/fontspec/fontspec.cfg)
LaTeX Info: Redefining \itshape on input line 3686.
LaTeX Info: Redefining \slshape on input line 3691.
LaTeX Info: Redefining \scshape on input line 3696.
LaTeX Info: Redefining \upshape on input line 3701.
LaTeX Info: Redefining \em on input line 3731.
LaTeX Info: Redefining \emph on input line 3756.
LaTeX Info: Redefining \- on input line 3807.
.................................................
. LaTeX info: "xparse/redefine-command"
. 
. Redefining command \oldstylenums with sig. 'm' on line 3902.
.................................................
.................................................
. LaTeX info: "xparse/define-command"
. 
. Defining command \liningnums with sig. 'm' on line 3906.
.................................................
))
(g:/Latex/texmf-dist/tex/xelatex/xecjk/xunicode-addon.sty
Package: xunicode-addon 2017/05/15 v3.4.8 addon file for xunicode

(g:/Latex/texmf-dist/tex/xelatex/xunicode/xunicode.sty
File: xunicode.sty 2011/09/09 v0.981 provides access to latin accents and many 
other characters in Unicode lower plane

(g:/Latex/texmf-dist/tex/latex/tipa/t3enc.def
File: t3enc.def 2001/12/31 T3 encoding
)
\tipaTiiicode=\count144
\tipasavetokens=\toks14
\tipachecktokens=\toks15

(g:/Latex/texmf-dist/tex/latex/graphics/graphicx.sty
Package: graphicx 2014/10/28 v1.0g Enhanced LaTeX Graphics (DPC,SPQR)

(g:/Latex/texmf-dist/tex/latex/graphics/keyval.sty
Package: keyval 2014/10/28 v1.15 key=value parser (DPC)
\KV@toks@=\toks16
)
(g:/Latex/texmf-dist/tex/latex/graphics/graphics.sty
Package: graphics 2017/04/14 v1.1b Standard LaTeX Graphics (DPC,SPQR)

(g:/Latex/texmf-dist/tex/latex/graphics/trig.sty
Package: trig 2016/01/03 v1.10 sin cos tan (DPC)
)
(g:/Latex/texmf-dist/tex/latex/graphics-cfg/graphics.cfg
File: graphics.cfg 2016/06/04 v1.11 sample graphics configuration
)
Package graphics Info: Driver file: xetex.def on input line 99.

(g:/Latex/texmf-dist/tex/latex/graphics-def/xetex.def
File: xetex.def 2016/07/11 v4.10 LaTeX color/graphics driver for XeTeX (L3/RRM/
JK)
))
\Gin@req@height=\dimen165
\Gin@req@width=\dimen166
))
.................................................
. LaTeX info: "xparse/redefine-command"
. 
. Redefining command \ReloadXunicode with sig. 'm' on line 84.
.................................................
.................................................
. LaTeX info: "xparse/redefine-command"
. 
. Redefining command \DeclareUTFmathsymbols with sig. 'm' on line 129.
.................................................
.................................................
. LaTeX info: "xparse/redefine-command"
. 
. Redefining command \UseMathAsText with sig. '' on line 138.
.................................................
.................................................
. LaTeX info: "xparse/redefine-command"
. 
. Redefining command \UndeclareUTFcharacter with sig. 'O{\UTFencname }mm' on
. line 173.
.................................................
.................................................
. LaTeX info: "xparse/redefine-command"
. 
. Redefining command \UndeclareUTFcomposite with sig. 'O{\UTFencname }mmm' on
. line 180.
.................................................
.................................................
. LaTeX info: "xparse/redefine-command"
. 
. Redefining command \DeclareUTFcharacter with sig. 'O{\UTFencname }mm' on
. line 207.
.................................................
.................................................
. LaTeX info: "xparse/define-command"
. 
. Defining command \DeclareUTFSymbol with sig. 'mO{\UTFencname }m' on line
. 233.
.................................................
.................................................
. LaTeX info: "xparse/define-command"
. 
. Defining command \DeclareUTFCommand with sig. 'mO{\UTFencname }m' on line
. 235.
.................................................
.................................................
. LaTeX info: "xparse/redefine-command"
. 
. Redefining command \DeclareUTFcomposite with sig. 'O{\UTFencname }mmm' on
. line 278.
.................................................
.................................................
. LaTeX info: "xparse/define-command"
. 
. Defining command \DeclareUTFCompositeCommand with sig. 'mO{\UTFencname }mm'
. on line 291.
.................................................
.................................................
. LaTeX info: "xparse/define-command"
. 
. Defining command \DeclareUTFCompositeSymbol with sig. 'mO{\UTFencname }mm'
. on line 296.
.................................................
.................................................
. LaTeX info: "xparse/define-command"
. 
. Defining command \DeclareUTFComposite with sig. 'mO{\UTFencname }' on line
. 298.
.................................................
.................................................
. LaTeX info: "xparse/define-command"
. 
. Defining command \DeclareUTFEncodedAccent with sig. 'mO{\UTFencname }mm' on
. line 300.
.................................................
.................................................
. LaTeX info: "xparse/define-command"
. 
. Defining command \DeclareUTFEncodedAccents with sig. 'mO{\UTFencname }mm' on
. line 302.
.................................................
.................................................
. LaTeX info: "xparse/define-command"
. 
. Defining command \DeclareUTFEncodedSymbol with sig. 'mO{\UTFencname }mm' on
. line 304.
.................................................
.................................................
. LaTeX info: "xparse/define-command"
. 
. Defining command \DeclareUTFEncodedCircle with sig. 'mO{\UTFencname }mm' on
. line 306.
.................................................
.................................................
. LaTeX info: "xparse/redefine-command"
. 
. Redefining command \DeclareEncodedCompositeCharacter with sig. 'mmmm' on
. line 308.
.................................................
.................................................
. LaTeX info: "xparse/redefine-command"
. 
. Redefining command \DeclareEncodedCompositeAccents with sig. 'mmmm' on line
. 310.
.................................................
.................................................
. LaTeX info: "xparse/define-command"
. 
. Defining command \DeclareUTFDoubleEncodedAccent with sig. 'mO{\UTFencname
. }mm' on line 312.
.................................................
.................................................
. LaTeX info: "xparse/define-command"
. 
. Defining command \DeclareUTFDoubleEncodedSymbol with sig. 'mO{\UTFencname
. }mm' on line 314.
.................................................
\l__xunadd_tmp_coffin=\box44
\l__xunadd_circle_coffin=\box45
.................................................
. LaTeX info: "xparse/define-command"
. 
. Defining command \settextcircledratio with sig. 'm' on line 465.
.................................................
.................................................
. LaTeX info: "xparse/define-command"
. 
. Defining command \AtBeginUTFCommand with sig. 'sO{}+m' on line 534.
.................................................
.................................................
. LaTeX info: "xparse/define-command"
. 
. Defining command \AtEndUTFCommand with sig. 'sO{}+m' on line 544.
.................................................
.................................................
. LaTeX info: "xparse/define-command"
. 
. Defining command \DeclareUTFTIPACommand with sig. 'O{\UTFencname }m' on line
. 576.
.................................................
)
(g:/Latex/texmf-dist/tex/xelatex/xunicode/xunicode.sty
File: xunicode.sty 2011/09/09 v0.981 provides access to latin accents and many 
other characters in Unicode lower plane

*** Reloading Xunicode for encoding 'TU' ***
) (g:/Latex/texmf-dist/tex/xelatex/xecjk/xunicode-extra.def
File: xunicode-extra.def 2017/05/15 v3.4.8 extra definition for xunicode
)
.................................................
. LaTeX info: "xparse/define-command"
. 
. Defining command \xeCJKsetup with sig. '+m' on line 3820.
.................................................
.................................................
. LaTeX info: "xparse/define-command"
. 
. Defining command \xeCJKsetemboldenfactor with sig. 'm' on line 3822.
.................................................
.................................................
. LaTeX info: "xparse/define-command"
. 
. Defining command \xeCJKsetslantfactor with sig. 'm' on line 3824.
.................................................
.................................................
. LaTeX info: "xparse/define-command"
. 
. Defining command \punctstyle with sig. 'm' on line 3825.
.................................................
.................................................
. LaTeX info: "xparse/define-command"
. 
. Defining command \xeCJKplainchr with sig. '' on line 3826.
.................................................
.................................................
. LaTeX info: "xparse/define-command"
. 
. Defining command \CJKsetecglue with sig. 'm' on line 3827.
.................................................
.................................................
. LaTeX info: "xparse/define-command"
. 
. Defining command \CJKspace with sig. '' on line 3829.
.................................................
.................................................
. LaTeX info: "xparse/define-command"
. 
. Defining command \CJKnospace with sig. '' on line 3830.
.................................................
.................................................
. LaTeX info: "xparse/define-command"
. 
. Defining command \xeCJKallowbreakbetweenpuncts with sig. '' on line 3832.
.................................................
.................................................
. LaTeX info: "xparse/define-command"
. 
. Defining command \xeCJKnobreakbetweenpuncts with sig. '' on line 3834.
.................................................
.................................................
. LaTeX info: "xparse/define-command"
. 
. Defining command \xeCJKenablefallback with sig. '' on line 3836.
.................................................
.................................................
. LaTeX info: "xparse/define-command"
. 
. Defining command \xeCJKdisablefallback with sig. '' on line 3838.
.................................................
.................................................
. LaTeX info: "xparse/define-command"
. 
. Defining command \xeCJKsetcharclass with sig. 'mmm' on line 3843.
.................................................
.................................................
. LaTeX info: "xparse/redefine-command"
. 
. Redefining command \nobreakspace with sig. '' on line 3989.
.................................................
.................................................
. LaTeX info: "xparse/redefine-command"
. 
. Redefining command \fontfamily with sig. 'm' on line 4029.
.................................................

(g:/Latex/texmf-dist/tex/xelatex/xecjk/xeCJK.cfg
File: xeCJK.cfg 2017/05/15 v3.4.8 Configuration file for xeCJK package
))
(g:/Latex/texmf-dist/tex/xelatex/xecjk/xeCJKfntef.sty
Package: xeCJKfntef 2017/05/15 v3.4.8 xeCJK font effect

(g:/Latex/texmf-dist/tex/generic/ulem/ulem.sty
\UL@box=\box46
\UL@hyphenbox=\box47
\UL@skip=\skip55
\UL@hook=\toks17
\UL@height=\dimen167
\UL@pe=\count145
\UL@pixel=\dimen168
\ULC@box=\box48
Package: ulem 2012/05/18
\ULdepth=\dimen169
)
(g:/Latex/texmf-dist/tex/latex/environ/environ.sty
Package: environ 2014/05/04 v0.3 A new way to define environments

(g:/Latex/texmf-dist/tex/latex/trimspaces/trimspaces.sty
Package: trimspaces 2009/09/17 v1.1 Trim spaces around a token list
)
\@envbody=\toks18
)
(g:/Latex/texmf-dist/tex/latex/cjk/texinput/CJKfntef.sty
Package: CJKfntef 2015/04/18 4.8.4
\CJK@fntefSkip=\skip56
\CJK@nest=\count146
\CJK@fntefDimen=\dimen170
\CJK@underdotBox=\box49
\CJK@ULbox=\box50
\CJK@underanyskip=\dimen171
)
\l__xeCJK_space_skip=\skip57
\c__xeCJK_ulem-begin_node_dim=\dimen172
\c__xeCJK_null_box=\box51
.................................................
. LaTeX info: "xparse/define-command"
. 
. Defining command \xeCJKfntefon with sig. 'st-so' on line 614.
.................................................
.................................................
. LaTeX info: "xparse/redefine-command"
. 
. Redefining command \CJKunderline with sig. 'st-so' on line 630.
.................................................
.................................................
. LaTeX info: "xparse/redefine-command"
. 
. Redefining command \varCJKunderline with sig. '' on line 632.
.................................................
.................................................
. LaTeX info: "xparse/redefine-command"
. 
. Redefining command \CJKunderwave with sig. 'st-so' on line 642.
.................................................
.................................................
. LaTeX info: "xparse/redefine-command"
. 
. Redefining command \CJKunderdblline with sig. 'st-so' on line 666.
.................................................
.................................................
. LaTeX info: "xparse/redefine-command"
. 
. Redefining command \CJKsout with sig. 'st-so' on line 685.
.................................................
.................................................
. LaTeX info: "xparse/redefine-command"
. 
. Redefining command \CJKxout with sig. 'st-so' on line 702.
.................................................
.................................................
. LaTeX info: "xparse/redefine-command"
. 
. Redefining command \CJKunderanyline with sig. 'st-somm' on line 723.
.................................................
\l__xeCJK_fntef_box=\box52
.................................................
. LaTeX info: "xparse/redefine-command"
. 
. Redefining command \CJKunderanysymbol with sig. 'ommm' on line 903.
.................................................
.................................................
. LaTeX info: "xparse/redefine-command"
. 
. Redefining command \CJKunderdot with sig. 'om' on line 912.
.................................................
\l__xeCJK_under_symbol_box=\box53
.................................................
. LaTeX info: "xparse/redefine-environment"
. 
. Redefining environment 'CJKfilltwosides' with sig. 'O{c}m' on line 1016.
.................................................
\c__xeCJK_filll_skip=\skip58
)
\ccwd=\dimen173
\l__ctex_ccglue_skip=\skip59
)
.................................................
. LaTeX info: "xparse/define-command"
. 
. Defining command \ctexset with sig. '' on line 376.
.................................................
.................................................
. LaTeX info: "xparse/define-command"
. 
. Defining command \CTEXsetup with sig. '+o>{\TrimSpaces }m' on line 382.
.................................................
.................................................
. LaTeX info: "xparse/define-command"
. 
. Defining command \CTEXoptions with sig. '+o' on line 388.
.................................................
.................................................
. LaTeX info: "xparse/define-command"
. 
. Defining command \CTEXsetfont with sig. '' on line 406.
.................................................
.................................................
. LaTeX info: "xparse/define-command"
. 
. Defining command \ziju with sig. 'm' on line 478.
.................................................
\l__ctex_ziju_dim=\dimen174
.................................................
. LaTeX info: "xparse/define-command"
. 
. Defining command \CTEXindent with sig. '' on line 519.
.................................................
.................................................
. LaTeX info: "xparse/define-command"
. 
. Defining command \CTEXnoindent with sig. '' on line 525.
.................................................

(g:/Latex/texmf-dist/tex/latex/zhnumber/zhnumber.sty
Package: zhnumber 2016/05/14 v2.4 Typesetting numbers with Chinese glyphs
.................................................
. LaTeX info: "xparse/define-command"
. 
. Defining command \zhnumber with sig. '+o+m' on line 50.
.................................................
.................................................
. LaTeX info: "xparse/define-command"
. 
. Defining command \zhnumberwithoptions with sig. '+m+m' on line 57.
.................................................
.................................................
. LaTeX info: "xparse/define-command"
. 
. Defining command \zhnum with sig. '+o+m' on line 111.
.................................................
.................................................
. LaTeX info: "xparse/define-command"
. 
. Defining command \zhnumwithoptions with sig. '+m+m' on line 118.
.................................................
.................................................
. LaTeX info: "xparse/define-command"
. 
. Defining command \zhdig with sig. '+o+m' on line 297.
.................................................
.................................................
. LaTeX info: "xparse/define-command"
. 
. Defining command \zhdigwithoptions with sig. '+m+m' on line 304.
.................................................
.................................................
. LaTeX info: "xparse/define-command"
. 
. Defining command \zhdigits with sig. '+s+o+m' on line 318.
.................................................
.................................................
. LaTeX info: "xparse/define-command"
. 
. Defining command \zhdigitswithoptions with sig. '+m+m+m' on line 325.
.................................................
.................................................
. LaTeX info: "xparse/define-command"
. 
. Defining command \zhdate with sig. '+s+m' on line 384.
.................................................
\l__zhnum_scale_int=\count147
.................................................
. LaTeX info: "xparse/define-command"
. 
. Defining command \zhnumExtendScaleMap with sig. '>{\TrimSpaces }+o+m' on
. line 506.
.................................................
.................................................
. LaTeX info: "xparse/define-command"
. 
. Defining command \zhnumsetup with sig. '+m' on line 938.
.................................................

(g:/Latex/texmf-dist/tex/latex/zhnumber/zhnumber-utf8.cfg
File: zhnumber-utf8.cfg 2016/05/14 v2.4 Chinese numerals with UTF8 encoding
))
.................................................
. LaTeX info: "xparse/define-command"
. 
. Defining command \CTEXnumber with sig. 'mm' on line 542.
.................................................
.................................................
. LaTeX info: "xparse/define-command"
. 
. Defining command \CTEXdigits with sig. 'mm' on line 544.
.................................................

(g:/Latex/texmf-dist/tex/latex/ctex/scheme/ctex-scheme-chinese.def
File: ctex-scheme-chinese.def 2017/04/01 v2.4.9 Chinese scheme for generic (CTE
X)

(g:/Latex/texmf-dist/tex/latex/ctex/config/ctex-name-utf8.cfg
File: ctex-name-utf8.cfg 2017/04/01 v2.4.9 Caption with encoding UTF8 (CTEX)
))
(g:/Latex/texmf-dist/tex/latex/tools/indentfirst.sty
Package: indentfirst 1995/11/23 v1.03 Indent first paragraph (DPC)
)
.................................................
. LaTeX info: "xparse/define-command"
. 
. Defining command \zihao with sig. 'm' on line 641.
.................................................
.................................................
. LaTeX info: "xparse/define-command"
. 
. Defining command \CTeX with sig. '' on line 745.
.................................................

(g:/Latex/texmf-dist/tex/latex/ctex/fontset/ctex-fontset-windows.def
File: ctex-fontset-windows.def 2017/04/01 v2.4.9 Windows fonts definition (CTEX
)

(g:/Latex/texmf-dist/tex/latex/ctex/fontset/ctex-fontset-windowsnew.def
File: ctex-fontset-windowsnew.def 2017/04/01 v2.4.9 Windows fonts definition fo
r Vista or later version (CTEX)
\g__fontspec_family_SimSun_int=\count148
.................................................
. fontspec info: "no-font-shape"
. 
. Could not resolve font "KaiTi/B" (it probably doesn't exist).
.................................................
.................................................
. fontspec info: "no-font-shape"
. 
. Could not resolve font "SimHei/I" (it probably doesn't exist).
.................................................
.................................................
. fontspec info: "no-font-shape"
. 
. Could not resolve font "SimSun/BI" (it probably doesn't exist).
.................................................
.................................................
. fontspec info: "defining-font"
. 
. Font family 'SimSun(0)' created for font 'SimSun' with options
. [Script={CJK},BoldFont={SimHei},ItalicFont={KaiTi}].
.  
.  This font family consists of the following NFSS series/shapes:
.  
. - 'normal' (m/n) with NFSS spec.: <->"SimSun/OT:script=hani;language=DFLT;"
. - 'small caps'  (m/sc) with NFSS spec.: 
. - 'bold' (bx/n) with NFSS spec.: <->"SimHei/OT:script=hani;language=DFLT;"
. - 'bold small caps'  (bx/sc) with NFSS spec.: 
. - 'italic' (m/it) with NFSS spec.: <->"KaiTi/OT:script=hani;language=DFLT;"
. - 'italic small caps'  (m/itsc) with NFSS spec.: 
.................................................
.................................................
. LaTeX info: "xparse/define-command"
. 
. Defining command \songti with sig. '' on line 110.
.................................................
.................................................
. LaTeX info: "xparse/define-command"
. 
. Defining command \heiti with sig. '' on line 111.
.................................................
.................................................
. LaTeX info: "xparse/define-command"
. 
. Defining command \fangsong with sig. '' on line 112.
.................................................
.................................................
. LaTeX info: "xparse/define-command"
. 
. Defining command \kaishu with sig. '' on line 113.
.................................................
.................................................
. LaTeX info: "xparse/define-command"
. 
. Defining command \lishu with sig. '' on line 114.
.................................................
.................................................
. LaTeX info: "xparse/define-command"
. 
. Defining command \youyuan with sig. '' on line 115.
.................................................
.................................................
. LaTeX info: "xparse/define-command"
. 
. Defining command \yahei with sig. '' on line 116.
.................................................
)))
(g:/Latex/texmf-dist/tex/latex/ctex/config/ctex.cfg
File: ctex.cfg 2017/04/01 v2.4.9 Configuration file (CTEX)
)
(g:/Latex/texmf-dist/tex/latex/geometry/geometry.sty
Package: geometry 2010/09/12 v5.6 Page Geometry

(g:/Latex/texmf-dist/tex/generic/oberdiek/ifpdf.sty
Package: ifpdf 2017/03/15 v3.2 Provides the ifpdf switch
)
(g:/Latex/texmf-dist/tex/generic/oberdiek/ifvtex.sty
Package: ifvtex 2016/05/16 v1.6 Detect VTeX and its facilities (HO)
Package ifvtex Info: VTeX not detected.
)
(g:/Latex/texmf-dist/tex/generic/ifxetex/ifxetex.sty
Package: ifxetex 2010/09/12 v0.6 Provides ifxetex conditional
)
\Gm@cnth=\count149
\Gm@cntv=\count150
\c@Gm@tempcnt=\count151
\Gm@bindingoffset=\dimen175
\Gm@wd@mp=\dimen176
\Gm@odd@mp=\dimen177
\Gm@even@mp=\dimen178
\Gm@layoutwidth=\dimen179
\Gm@layoutheight=\dimen180
\Gm@layouthoffset=\dimen181
\Gm@layoutvoffset=\dimen182
\Gm@dimlist=\toks19
)
(g:/Latex/texmf-dist/tex/latex/float/float.sty
Package: float 2001/11/08 v1.3d Float enhancements (AL)
\c@float@type=\count152
\float@exts=\toks20
\float@box=\box54
\@float@everytoks=\toks21
\@floatcapt=\box55
)
(g:/Latex/texmf-dist/tex/latex/extarrows/extarrows.sty
Package: extarrows 2008/05/15 v1.0b Some extensible arrows

(g:/Latex/texmf-dist/tex/latex/amsmath/amsmath.sty
Package: amsmath 2016/11/05 v2.16a AMS math features
\@mathmargin=\skip60

For additional information on amsmath, use the `?' option.
(g:/Latex/texmf-dist/tex/latex/amsmath/amstext.sty
Package: amstext 2000/06/29 v2.01 AMS text

(g:/Latex/texmf-dist/tex/latex/amsmath/amsgen.sty
File: amsgen.sty 1999/11/30 v2.0 generic functions
\@emptytoks=\toks22
\ex@=\dimen183
))
(g:/Latex/texmf-dist/tex/latex/amsmath/amsbsy.sty
Package: amsbsy 1999/11/29 v1.2d Bold Symbols
\pmbraise@=\dimen184
)
(g:/Latex/texmf-dist/tex/latex/amsmath/amsopn.sty
Package: amsopn 2016/03/08 v2.02 operator names
)
\inf@bad=\count153
LaTeX Info: Redefining \frac on input line 213.
\uproot@=\count154
\leftroot@=\count155
LaTeX Info: Redefining \overline on input line 375.
\classnum@=\count156
\DOTSCASE@=\count157
LaTeX Info: Redefining \ldots on input line 472.
LaTeX Info: Redefining \dots on input line 475.
LaTeX Info: Redefining \cdots on input line 596.
\Mathstrutbox@=\box56
\strutbox@=\box57
\big@size=\dimen185
LaTeX Font Info:    Redeclaring font encoding OML on input line 712.
LaTeX Font Info:    Redeclaring font encoding OMS on input line 713.
\macc@depth=\count158
\c@MaxMatrixCols=\count159
\dotsspace@=\muskip17
\c@parentequation=\count160
\dspbrk@lvl=\count161
\tag@help=\toks23
\row@=\count162
\column@=\count163
\maxfields@=\count164
\andhelp@=\toks24
\eqnshift@=\dimen186
\alignsep@=\dimen187
\tagshift@=\dimen188
\tagwidth@=\dimen189
\totwidth@=\dimen190
\lineht@=\dimen191
\@envbody=\toks25
\multlinegap=\skip61
\multlinetaggap=\skip62
\mathdisplay@stack=\toks26
LaTeX Info: Redefining \[ on input line 2817.
LaTeX Info: Redefining \] on input line 2818.
))
(g:/Latex/texmf-dist/tex/latex/amscls/amsthm.sty
Package: amsthm 2015/03/04 v2.20.2
\thm@style=\toks27
\thm@bodyfont=\toks28
\thm@headfont=\toks29
\thm@notefont=\toks30
\thm@headpunct=\toks31
\thm@preskip=\skip63
\thm@postskip=\skip64
\thm@headsep=\skip65
\dth@everypar=\toks32
)
(g:/Latex/texmf-dist/tex/latex/amsfonts/amssymb.sty
Package: amssymb 2013/01/14 v3.01 AMS font symbols

(g:/Latex/texmf-dist/tex/latex/amsfonts/amsfonts.sty
Package: amsfonts 2013/01/14 v3.01 Basic AMSFonts support
\symAMSa=\mathgroup4
\symAMSb=\mathgroup5
LaTeX Font Info:    Overwriting math alphabet `\mathfrak' in version `bold'
(Font)                  U/euf/m/n --> U/euf/b/n on input line 106.
))
(g:/Latex/texmf-dist/tex/latex/jknapltx/mathrsfs.sty
Package: mathrsfs 1996/01/01 Math RSFS package v1.0 (jk)
\symrsfs=\mathgroup6
) (./document.aux)
\openout1 = `document.aux'.

LaTeX Font Info:    Checking defaults for OML/cmm/m/it on input line 13.
LaTeX Font Info:    ... okay on input line 13.
LaTeX Font Info:    Checking defaults for T1/cmr/m/n on input line 13.
LaTeX Font Info:    ... okay on input line 13.
LaTeX Font Info:    Checking defaults for OT1/cmr/m/n on input line 13.
LaTeX Font Info:    ... okay on input line 13.
LaTeX Font Info:    Checking defaults for OMS/cmsy/m/n on input line 13.
LaTeX Font Info:    ... okay on input line 13.
LaTeX Font Info:    Checking defaults for TU/lmr/m/n on input line 13.
LaTeX Font Info:    ... okay on input line 13.
LaTeX Font Info:    Checking defaults for OMX/cmex/m/n on input line 13.
LaTeX Font Info:    ... okay on input line 13.
LaTeX Font Info:    Checking defaults for U/cmr/m/n on input line 13.
LaTeX Font Info:    ... okay on input line 13.
LaTeX Font Info:    Checking defaults for TS1/cmr/m/n on input line 13.
LaTeX Font Info:    ... okay on input line 13.
LaTeX Font Info:    Checking defaults for T3/cmr/m/n on input line 13.
LaTeX Font Info:    Try loading font information for T3+cmr on input line 13.

(g:/Latex/texmf-dist/tex/latex/tipa/t3cmr.fd
File: t3cmr.fd 2001/12/31 TIPA font definitions
)
LaTeX Font Info:    ... okay on input line 13.

ABD: EverySelectfont initializing macros
LaTeX Info: Redefining \selectfont on input line 13.
.................................................
. fontspec info: "setup-math"
. 
. Adjusting the maths setup (use [no-math] to avoid this).
.................................................
\symlegacymaths=\mathgroup7
LaTeX Font Info:    Overwriting symbol font `legacymaths' in version `bold'
(Font)                  OT1/cmr/m/n --> OT1/cmr/bx/n on input line 13.
LaTeX Font Info:    Redeclaring math accent \acute on input line 13.
LaTeX Font Info:    Redeclaring math accent \grave on input line 13.
LaTeX Font Info:    Redeclaring math accent \ddot on input line 13.
LaTeX Font Info:    Redeclaring math accent \tilde on input line 13.
LaTeX Font Info:    Redeclaring math accent \bar on input line 13.
LaTeX Font Info:    Redeclaring math accent \breve on input line 13.
LaTeX Font Info:    Redeclaring math accent \check on input line 13.
LaTeX Font Info:    Redeclaring math accent \hat on input line 13.
LaTeX Font Info:    Redeclaring math accent \dot on input line 13.
LaTeX Font Info:    Redeclaring math accent \mathring on input line 13.
LaTeX Font Info:    Redeclaring math symbol \Gamma on input line 13.
LaTeX Font Info:    Redeclaring math symbol \Delta on input line 13.
LaTeX Font Info:    Redeclaring math symbol \Theta on input line 13.
LaTeX Font Info:    Redeclaring math symbol \Lambda on input line 13.
LaTeX Font Info:    Redeclaring math symbol \Xi on input line 13.
LaTeX Font Info:    Redeclaring math symbol \Pi on input line 13.
LaTeX Font Info:    Redeclaring math symbol \Sigma on input line 13.
LaTeX Font Info:    Redeclaring math symbol \Upsilon on input line 13.
LaTeX Font Info:    Redeclaring math symbol \Phi on input line 13.
LaTeX Font Info:    Redeclaring math symbol \Psi on input line 13.
LaTeX Font Info:    Redeclaring math symbol \Omega on input line 13.
LaTeX Font Info:    Redeclaring math symbol \mathdollar on input line 13.
LaTeX Font Info:    Redeclaring symbol font `operators' on input line 13.
LaTeX Font Info:    Encoding `OT1' has changed to `TU' for symbol font
(Font)              `operators' in the math version `normal' on input line 13.
LaTeX Font Info:    Overwriting symbol font `operators' in version `normal'
(Font)                  OT1/cmr/m/n --> TU/lmr/m/n on input line 13.
LaTeX Font Info:    Encoding `OT1' has changed to `TU' for symbol font
(Font)              `operators' in the math version `bold' on input line 13.
LaTeX Font Info:    Overwriting symbol font `operators' in version `bold'
(Font)                  OT1/cmr/bx/n --> TU/lmr/m/n on input line 13.
LaTeX Font Info:    Overwriting symbol font `operators' in version `normal'
(Font)                  TU/lmr/m/n --> TU/lmr/m/n on input line 13.
LaTeX Font Info:    Overwriting math alphabet `\mathit' in version `normal'
(Font)                  OT1/cmr/m/it --> TU/lmr/m/it on input line 13.
LaTeX Font Info:    Overwriting math alphabet `\mathbf' in version `normal'
(Font)                  OT1/cmr/bx/n --> TU/lmr/bx/n on input line 13.
LaTeX Font Info:    Overwriting math alphabet `\mathsf' in version `normal'
(Font)                  OT1/cmss/m/n --> TU/lmss/m/n on input line 13.
LaTeX Font Info:    Overwriting math alphabet `\mathtt' in version `normal'
(Font)                  OT1/cmtt/m/n --> TU/lmtt/m/n on input line 13.
LaTeX Font Info:    Overwriting symbol font `operators' in version `bold'
(Font)                  TU/lmr/m/n --> TU/lmr/bx/n on input line 13.
LaTeX Font Info:    Overwriting math alphabet `\mathit' in version `bold'
(Font)                  OT1/cmr/bx/it --> TU/lmr/bx/it on input line 13.
LaTeX Font Info:    Overwriting math alphabet `\mathsf' in version `bold'
(Font)                  OT1/cmss/bx/n --> TU/lmss/bx/n on input line 13.
LaTeX Font Info:    Overwriting math alphabet `\mathtt' in version `bold'
(Font)                  OT1/cmtt/m/n --> TU/lmtt/bx/n on input line 13.

*geometry* driver: auto-detecting
*geometry* detected driver: xetex
*geometry* verbose mode - [ preamble ] result:
* driver: xetex
* paper: <default>
* layout: <same size as paper>
* layoutoffset:(h,v)=(0.0pt,0.0pt)
* modes: 
* h-part:(L,W,R)=(90.3375pt, 433.62001pt, 90.3375pt)
* v-part:(T,H,B)=(72.26999pt, 650.43001pt, 72.26999pt)
* \paperwidth=614.295pt
* \paperheight=794.96999pt
* \textwidth=433.62001pt
* \textheight=650.43001pt
* \oddsidemargin=18.0675pt
* \evensidemargin=18.0675pt
* \topmargin=-37.0pt
* \headheight=12.0pt
* \headsep=25.0pt
* \topskip=11.0pt
* \footskip=30.0pt
* \marginparwidth=59.0pt
* \marginparsep=10.0pt
* \columnsep=10.0pt
* \skip\footins=10.0pt plus 4.0pt minus 2.0pt
* \hoffset=0.0pt
* \voffset=0.0pt
* \mag=1000
* \@twocolumnfalse
* \@twosidefalse
* \@mparswitchfalse
* \@reversemarginfalse
* (1in=72.27pt=25.4mm, 1cm=28.453pt)

LaTeX Font Info:    Try loading font information for U+msa on input line 16.
(g:/Latex/texmf-dist/tex/latex/amsfonts/umsa.fd
File: umsa.fd 2013/01/14 v3.01 AMS symbols A
)
LaTeX Font Info:    Try loading font information for U+msb on input line 16.

(g:/Latex/texmf-dist/tex/latex/amsfonts/umsb.fd
File: umsb.fd 2013/01/14 v3.01 AMS symbols B
)
LaTeX Font Info:    Try loading font information for U+rsfs on input line 16.

(g:/Latex/texmf-dist/tex/latex/jknapltx/ursfs.fd
File: ursfs.fd 1998/03/24 rsfs font definition file (jk)
)

LaTeX Warning: No \author given.

[1

] (./document.toc [2] [3] [4] [5] [6] [7] [8] [9] [10] [11])
\tf@toc=\write3
\openout3 = `document.toc'.

 [12]
File: figures/1.png Graphic file (type QTm)

<use  "figures/1.png" >

LaTeX Warning: `h' float specifier changed to `ht'.

[13]
Overfull \hbox (0.54727pt too wide) in paragraph at lines 68--70
[]\TU/lmr/m/n/10.95 The first problem is pose estimation problem(mainly use a b
ounding box Non-Maximum
 []

[14]
File: figures/2.png Graphic file (type QTm)
 <use  "figures/2.png" >
File: figures/24.png Graphic file (type QTm)
 <use  "figures/24.png" > [15]
File: figures/25.png Graphic file (type QTm)

<use  "figures/25.png" >
Overfull \hbox (18.71092pt too wide) in paragraph at lines 124--128
[]\TU/lmr/m/n/10.95 Comparing our results with a 8-stage Hourglass and CPN on C
OCO val2017 dataset.OHKM
 []

File: figures/26.png Graphic file (type QTm)
<use  "figures/26.png" > [16] [17] [18] [19] [20]
File: figures/27.png Graphic file (type QTm)
 <use  "figures/27.png" >
[21]
File: figures/28.png Graphic file (type QTm)
 <use  "figures/28.png" > [22]
Overfull \hbox (2.8796pt too wide) in paragraph at lines 350--351
[]\TU/lmr/m/n/10.95 Three related tasks focuse on 1.single-frame multi-person p
ose estimation,2.multi-person
 []

File: figures/29.png Graphic file (type QTm)
<use  "figures/29.png" > [23]
Overfull \hbox (10.53366pt too wide) in paragraph at lines 373--374
[]\TU/lmr/m/n/10.95 Pose estimation in videos:the evaluation of this challenge 
is performed on single frames,but
 []

[24] [25] [26] [27]
File: figures/30.png Graphic file (type QTm)
 <use  "figures/30.png" >
Overfull \hbox (1364.71242pt too wide) in paragraph at lines 475--476
 [][] 
 []

File: figures/31.png Graphic file (type QTm)
<use  "figures/31.png" >
Overfull \hbox (1423.13113pt too wide) in paragraph at lines 480--481
 [][] 
 []

[28]
Overfull \vbox (32.34973pt too high) has occurred while \output is active []


[29]
Overfull \vbox (56.9108pt too high) has occurred while \output is active []


[30] [31]
File: figures/32.png Graphic file (type QTm)
 <use  "figures/32.png" >
File: figures/33.png Graphic file (type QTm)
 <use  "figures/33.png" > [32]
File: figures/34.png Graphic file (type QTm)

<use  "figures/34.png" >
File: figures/35.png Graphic file (type QTm)
 <use  "figures/35.png" >
Overfull \hbox (3.00229pt too wide) in paragraph at lines 549--549
[]\TU/lmr/bx/n/14.4 Bottom-Up Human Pose Estimation Via Disentangled Key-
 []

[33]
Overfull \hbox (21.31087pt too wide) in paragraph at lines 556--557
[]\TU/lmr/m/n/10.95 We present a simple yet effective approach, named disentang
led keypoint regression(DEKR). 
 []

[34]
Overfull \hbox (11.92424pt too wide) in paragraph at lines 582--583
[]\TU/lmr/m/n/10.95 Top-down paradigm:HR-Net,PoseNet,RMPE,convolutional pose ma
chine,Hourglass,Mask
 []


Overfull \hbox (8.39835pt too wide) in paragraph at lines 582--583
\TU/lmr/m/n/10.95 R-CNN,CFN,Integral pose regression,CPN,simple baseline,CSM-SC
ARB,Graph-PCNN,RSN,
 []


Overfull \hbox (12.6141pt too wide) in paragraph at lines 588--589
[]\TU/lmr/m/n/10.95 Grouping techniques:part-affinity in OpenPose,part-affinity
 extention in PifPaf,associative
 []

[35]
Overfull \hbox (22.73813pt too wide) in paragraph at lines 623--624
[]\TU/lmr/m/n/10.95 We divide the feature maps X output from the backbone into 
K feature maps, $\OML/cmm/m/it/10.95 X[]; X[]; :::; X[]$\TU/lmr/m/n/10.95 .
 []

[36]
Overfull \hbox (3.87958pt too wide) in paragraph at lines 633--635
\TU/lmr/m/n/10.95 poses.$\OML/cmm/m/it/10.95 o[]\OT1/cmr/m/n/10.95 (\OML/cmm/m/
it/10.95 o[]\OT1/cmr/m/n/10.95 )$ \TU/lmr/m/n/10.95 a column of the offset maps
 O($\OML/cmm/m/it/10.95 O[]$\TU/lmr/m/n/10.95 ) is the 2K-dimensional estimated
(groundtruth)
 []

File: figures/36.png Graphic file (type QTm)
<use  "figures/36.png" >
File: figures/37.png Graphic file (type QTm)
 <use  "figures/37.png" > [37]
File: figures/38.png Graphic file (type QTm)

<use  "figures/38.png" > [38] [39]
File: figures/39.png Graphic file (type QTm)
 <use  "figures/39.png" > [40]
File: figures/3.png Graphic file (type QTm)

<use  "figures/3.png" >
Overfull \hbox (3.9782pt too wide) in paragraph at lines 733--734
[]\TU/lmr/m/n/10.95 For the first iteration, we initialize the $\OML/cmm/m/it/1
0.95 p\OT1/cmr/m/n/10.95 1$ \TU/lmr/m/n/10.95 to be the regularly-spaced locati
ons.Concretely,
 []

[41]
File: figures/4.png Graphic file (type QTm)
 <use  "figures/4.png" >
Overfull \hbox (169.22815pt too wide) in paragraph at lines 760--761
 [][] 
 []


LaTeX Warning: `h' float specifier changed to `ht'.

[42]
Overfull \hbox (1.63783pt too wide) in paragraph at lines 774--774
[]\TU/lmr/bx/n/14.4 PP-LCNet: A Lightweight CPU Convolutional Neural Net-
 []

[43]
File: figures/5.png Graphic file (type QTm)
 <use  "figures/5.png" >

LaTeX Warning: `h' float specifier changed to `ht'.

[44] [45]
File: figures/6.png Graphic file (type QTm)
 <use  "figures/6.png" >
File: figures/7.png Graphic file (type QTm)
 <use  "figures/7.png" >
File: figures/8.png Graphic file (type QTm)

<use  "figures/8.png" > [46] [47] [48]
File: figures/9.png Graphic file (type QTm)
 <use  "figures/9.png" >

LaTeX Warning: `h' float specifier changed to `ht'.

[49]
File: figures/10.png Graphic file (type QTm)
 <use  "figures/10.png" > [50]

LaTeX Warning: Command \textgreater invalid in math mode on input line 1012.

[51]
File: figures/11.png Graphic file (type QTm)
 <use  "figures/11.png" >
File: figures/12.png Graphic file (type QTm)
 <use  "figures/12.png" >
File: figures/13.png Graphic file (type QTm)

<use  "figures/13.png" >
File: figures/14.png Graphic file (type QTm)
 <use  "figures/14.png" >
File: figures/15.png Graphic file (type QTm)
 <use  "figures/15.png" >
[52]
File: figures/16.png Graphic file (type QTm)
 <use  "figures/16.png" >
File: figures/17.png Graphic file (type QTm)
 <use  "figures/17.png" > [53] [54] [55]
File: figures/18.png Graphic file (type QTm)

<use  "figures/18.png" >

LaTeX Warning: `h' float specifier changed to `ht'.

[56]
File: figures/19.png Graphic file (type QTm)
 <use  "figures/19.png" >
Overfull \hbox (9.13495pt too wide) in paragraph at lines 1177--1178
[][] 
 []

File: figures/20.png Graphic file (type QTm)
<use  "figures/20.png" >
Overfull \hbox (8.63307pt too wide) in paragraph at lines 1182--1183
[][] 
 []

[57]
File: figures/21.png Graphic file (type QTm)
 <use  "figures/21.png" > [58]
File: figures/22.png Graphic file (type QTm)
 <use  "figures/22.png" > [59]
File: figures/23.png Graphic file (type QTm)

<use  "figures/23.png" > [60] [61]
File: figures/40.png Graphic file (type QTm)
 <use  "figures/40.png" > [62]
File: figures/41.png Graphic file (type QTm)

<use  "figures/41.png" > [63]
File: figures/42.png Graphic file (type QTm)
 <use  "figures/42.png" > [64]
File: figures/43.png Graphic file (type QTm)

<use  "figures/43.png" > [65]
File: figures/44.png Graphic file (type QTm)
 <use  "figures/44.png" > [66] [67]
File: figures/45.png Graphic file (type QTm)

<use  "figures/45.png" >
File: figures/46.png Graphic file (type QTm)
 <use  "figures/46.png" >
Overfull \hbox (39.14507pt too wide) in paragraph at lines 1430--1431
 [][] 
 []

[68]
Overfull \hbox (10.02203pt too wide) in paragraph at lines 1439--1439
[]\TU/lmr/bx/n/14.4 Multi-Instance Pose Networks: Rethinking Top-Down Pose
 []

[69]
File: figures/47.png Graphic file (type QTm)
 <use  "figures/47.png" > [70]
Missing character: There is no  in font [lmroman10-regular]:mapping=tex-text;!

Overfull \hbox (1.70816pt too wide) in paragraph at lines 1481--1482
[]\TU/lmr/m/n/10.95 These datasets(OCHuman,CrowdPose) demonstrate the failures 
of the state-of-art mod-
 []

[71] [72]
File: figures/48.png Graphic file (type QTm)
 <use  "figures/48.png" > [73]
Overfull \hbox (10.83678pt too wide) in paragraph at lines 1554--1555
[]\TU/lmr/bx/n/10.95 1.Pictorial Structures Model:\TU/lmr/m/n/10.95 Constructin
g a classical tree-structured graphical frame-
 []

[74]
File: figures/49.png Graphic file (type QTm)
 <use  "figures/49.png" >
Overfull \hbox (19.6247pt too wide) in paragraph at lines 1602--1603
 [][] 
 []


LaTeX Warning: `h' float specifier changed to `ht'.

File: figures/50.png Graphic file (type QTm)
<use  "figures/50.png" > [75]
File: figures/51.png Graphic file (type QTm)
 <use  "figures/51.png" > [76] [77]
File: figures/52.png Graphic file (type QTm)

<use  "figures/52.png" > [78] [79] [80] [81] [82]
Overfull \hbox (11.66032pt too wide) in paragraph at lines 1785--1786
[]\TU/lmr/m/n/10.95 We experimentally find that SAHR may aggravate the imbalanc
e between fore-background
 []

File: figures/53.png Graphic file (type QTm)
<use  "figures/53.png" > [83] [84]
File: figures/54.png Graphic file (type QTm)
 <use  "figures/54.png" >
Overfull \hbox (62.13364pt too wide) in paragraph at lines 1819--1820
 [][] 
 []

File: figures/55.png Graphic file (type QTm)
<use  "figures/55.png" >
Overfull \hbox (35.0825pt too wide) in paragraph at lines 1825--1826
 [][] 
 []

[85] [86]
Overfull \hbox (79.89137pt too wide) in paragraph at lines 1853--1854
[]\TU/lmr/m/n/10.95 We also partition the convolutional kernel into $\OML/cmm/m
/it/10.95 g$ \TU/lmr/m/n/10.95 groups of virtual kernels $\OML/cmm/m/it/10.95 <
 [] >$\TU/lmr/m/n/10.95 . 
 []


Overfull \hbox (14.78271pt too wide) in paragraph at lines 1858--1859
[]\TU/lmr/m/n/10.95 The final output tensor is a concatenation of all virtual o
utput tensor $\OML/cmm/m/it/10.95 < []; :::; [] >$\TU/lmr/m/n/10.95 : 
 []

File: figures/56.png Graphic file (type QTm)
<use  "figures/56.png" > [87]
File: figures/57.png Graphic file (type QTm)
 <use  "figures/57.png" >
Overfull \hbox (26.80154pt too wide) in paragraph at lines 1887--1888
 [][] 
 []

File: figures/58.png Graphic file (type QTm)
<use  "figures/58.png" >
Overfull \hbox (7.52704pt too wide) in paragraph at lines 1899--1900
 [][] 
 []

[88] [89]
Overfull \hbox (3.99648pt too wide) in paragraph at lines 1919--1920
\TU/lmr/m/n/10.95 plications are not available.2.In many application domains(e.
g. autonomous driving)accuracy
 []

[90]
File: figures/59.png Graphic file (type QTm)
 <use  "figures/59.png" >
Overfull \hbox (44.84001pt too wide) in paragraph at lines 1952--1953
[]\TU/lmr/m/n/10.95 In a similar spirit with <Stacked hourglass networks for hu
man pose estimation>,<Convolutional
 []

[91] [92]
File: figures/60.png Graphic file (type QTm)
 <use  "figures/60.png" >
File: figures/61.png Graphic file (type QTm)
 <use  "figures/61.png" > [93]
File: figures/62.png Graphic file (type QTm)

<use  "figures/62.png" >
File: figures/63.png Graphic file (type QTm)
 <use  "figures/63.png" >
File: figures/64.png Graphic file (type QTm)
 <use  "figures/64.png" >
[94]
File: figures/65.png Graphic file (type QTm)
 <use  "figures/65.png" > [95] [96] [97]
File: figures/66.png Graphic file (type QTm)
 <use  "figures/66.png" > [98]
File: figures/67.png Graphic file (type QTm)

<use  "figures/67.png" >
File: figures/68.png Graphic file (type QTm)
 <use  "figures/68.png" > [99] [100] [101] [102]
File: figures/69.png Graphic file (type QTm)

<use  "figures/69.png" >
File: figures/71.png Graphic file (type QTm)
 <use  "figures/71.png" > [103]
File: figures/70.png Graphic file (type QTm)

<use  "figures/70.png" > [104]
Overfull \hbox (29.01732pt too wide) in paragraph at lines 2278--2279
\TU/lmr/m/n/10.95 a pose knowledge from a pre-trained large teacher model to a 
tiny target pose model(computational
 []

[105] [106]
File: figures/72.png Graphic file (type QTm)
 <use  "figures/72.png" > [107]
File: figures/73.png Graphic file (type QTm)
 <use  "figures/73.png" > [108]
File: figures/74.png Graphic file (type QTm)

<use  "figures/74.png" >
File: figures/75.png Graphic file (type QTm)
 <use  "figures/75.png" > [109]
File: figures/76.png Graphic file (type QTm)

<use  "figures/76.png" >
File: figures/77.png Graphic file (type QTm)
 <use  "figures/77.png" > [110]
Overfull \hbox (19.69026pt too wide) in paragraph at lines 2434--2435
\TU/lmr/m/n/10.95 ralated to comple networks, with mass parameters and numerous
 float-point operations(FLOPs). 
 []

File: figures/78.png Graphic file (type QTm)
<use  "figures/78.png" > [111] [112]
Overfull \hbox (16.44666pt too wide) in paragraph at lines 2474--2475
\TU/lmr/m/n/10.95 duced a new mobile architecture that consits of invered resid
uals and linear bottlenecks.Through
 []

[113] [114] [115]
File: figures/79.png Graphic file (type QTm)
 <use  "figures/79.png" > [116]
File: figures/80.png Graphic file (type QTm)
 <use  "figures/80.png" >
File: figures/81.png Graphic file (type QTm)

<use  "figures/81.png" > [117]
File: figures/85.png Graphic file (type QTm)
 <use  "figures/85.png" >
Overfull \hbox (77.18489pt too wide) in paragraph at lines 2569--2570
 [][] 
 []

File: figures/82.png Graphic file (type QTm)
<use  "figures/82.png" > [118]
File: figures/83.png Graphic file (type QTm)
 <use  "figures/83.png" >
Overfull \hbox (3.01018pt too wide) in paragraph at lines 2588--2589
 [][] 
 []

File: figures/84.png Graphic file (type QTm)
<use  "figures/84.png" > [119]
File: figures/86.png Graphic file (type QTm)
 <use  "figures/86.png" >
File: figures/87.png Graphic file (type QTm)

<use  "figures/87.png" >
File: figures/88.png Graphic file (type QTm)
 <use  "figures/88.png" > [120] [121]
File: figures/89.png Graphic file (type QTm)

<use  "figures/89.png" > [122]
File: figures/91.png Graphic file (type QTm)
 <use  "figures/91.png" > [123]
File: figures/90.png Graphic file (type QTm)

<use  "figures/90.png" >
Overfull \hbox (1.31137pt too wide) in paragraph at lines 2672--2673
 [][] 
 []

[124] [125]
Overfull \hbox (6.78754pt too wide) in paragraph at lines 2713--2714
[]\TU/lmr/m/n/10.95 4.We propose an improved detection One-Shot Neural Architec
ture Search(NAS) pipeline
 []

[126]
File: figures/93.png Graphic file (type QTm)
 <use  "figures/93.png" > [127] [128] [129]
Overfull \hbox (19.72285pt too wide) in paragraph at lines 2783--2784
[]\TU/lmr/m/n/10.95 2.Dynamic convolution kernel, such as dynamic convolution[D
ynamic convolution:Attention
 []

File: figures/94.png Graphic file (type QTm)
<use  "figures/94.png" >
File: figures/95.png Graphic file (type QTm)
 <use  "figures/95.png" > [130]
File: figures/96.png Graphic file (type QTm)

<use  "figures/96.png" >
Overfull \hbox (44.43367pt too wide) in paragraph at lines 2816--2817
[]\TU/lmr/m/n/10.95 The sequences of layers in the DMC block contains one Dense
 Context Modeling(DCM)operation,
 []

[131]
File: figures/97.png Graphic file (type QTm)
 <use  "figures/97.png" > [132]
Overfull \hbox (1.78464pt too wide) in paragraph at lines 2856--2857
[]\TU/lmr/m/n/10.95 The computational efficiency is acceptable and can be optim
ized by the hyper-parameter
 []

[133]
Overfull \hbox (0.13841pt too wide) in paragraph at lines 2874--2876
\TU/lmr/m/n/10.95 where $\OML/cmm/m/it/10.95 GAP\OT1/cmr/m/n/10.95 (\OML/cmm/m/
it/10.95 :\OT1/cmr/m/n/10.95 )$ \TU/lmr/m/n/10.95 represents the global average
 pooling, and $\OML/cmm/m/it/10.95 FC\OT1/cmr/m/n/10.95 (\OML/cmm/m/it/10.95 :\
OT1/cmr/m/n/10.95 )$ \TU/lmr/m/n/10.95 represents the full-connected
 []

File: figures/98.png Graphic file (type QTm)
<use  "figures/98.png" > [134] [135] [136]
Overfull \hbox (16.9175pt too wide) in paragraph at lines 2938--2939
[]\TU/lmr/m/n/10.95 The mainstream techniques to compress and accelerate convol
utional neural network(CNN)
 []


Overfull \hbox (14.6654pt too wide) in paragraph at lines 2940--2944
\TU/lmr/m/n/10.95 1.\TU/lmr/bx/n/10.95 Sparsification:\TU/lmr/m/n/10.95 <10,18,
20> 2.\TU/lmr/bx/n/10.95 Channel pruning:\TU/lmr/m/n/10.95 <26,27,35> 3.\TU/lmr
/bx/n/10.95 Quantization:\TU/lmr/m/n/10.95 <4,5,45,68>
 []

File: figures/92.png Graphic file (type QTm)
<use  "figures/92.png" >
Overfull \hbox (0.3414pt too wide) in paragraph at lines 2952--2953
[]\TU/lmr/m/n/10.95 For reasonable trade-off between compression retio and perf
ormance, a typical paradigm
 []

[137] [138]
File: figures/99.png Graphic file (type QTm)
 <use  "figures/99.png" > [139]
Overfull \hbox (1.2612pt too wide) in paragraph at lines 3025--3026
[]\TU/lmr/m/n/10.95 However, how to extract useful information from multilevel 
information from the teacher
 []

[140] [141]
File: figures/100.png Graphic file (type QTm)
 <use  "figures/100.png" > [142] [143]
File: figures/101.png Graphic file (type QTm)
 <use  "figures/101.png" >
[144]
Overfull \hbox (4.02939pt too wide) in paragraph at lines 3145--3146
\TU/lmr/m/n/10.95 sents a series of methods concentrating on transferring knowl
edge from a heavy model(teacher
 []

[145]
Overfull \hbox (9.25266pt too wide) in paragraph at lines 3162--3163
[]\TU/lmr/bx/n/10.95 NCKD(non-target classification knowledge distillation):\TU
/lmr/m/n/10.95 Only cinsiders the knowl-
 []

File: figures/102.png Graphic file (type QTm)
<use  "figures/102.png" > [146] [147] [148]
File: figures/103.png Graphic file (type QTm)
 <use  "figures/103.png" > [149]
Overfull \hbox (17.87338pt too wide) in paragraph at lines 3238--3239
[]\TU/lmr/m/n/10.95 TCKD transfers the knowledge concerning the  |\TU/SimSun(0)
/m/n/10.95 \TU/lmr/m/n/10.95 difficulty\TU/SimSun(0)/m/n/10.95 | \TU/lmr/m/n/
10.95 of training samples.Conclusively,
 []


Overfull \hbox (32.68433pt too wide) in paragraph at lines 3240--3241
[]\TU/lmr/m/n/10.95 NCKD is the prominent reason why logit distillation works b
ut is greatly suppressed.suggesting
 []


Overfull \hbox (3.82262pt too wide) in paragraph at lines 3246--3247
\TU/lmr/m/n/10.95 more, it\TU/SimSun(0)/m/n/10.95 | \TU/lmr/m/n/10.95 s allowe
d to adjust $\OML/cmm/m/it/10.95 ^^K$ \TU/lmr/m/n/10.95 and $\OML/cmm/m/it/10.9
5 ^^L$ \TU/lmr/m/n/10.95 to balance the importance of TCKD and NCKD.Through
 []

[150]
Overfull \hbox (18.09348pt too wide) in paragraph at lines 3251--3251
[]\TU/lmr/bx/n/14.4 Multi-scale Feature Extraction and Fusion for Online Knowl-

 []

[151] [152]
File: figures/104.png Graphic file (type QTm)
 <use  "figures/104.png" > [153]
File: figures/105.png Graphic file (type QTm)
 <use  "figures/105.png" > [154]
File: figures/106.png Graphic file (type QTm)

<use  "figures/106.png" > [155]
File: figures/107.png Graphic file (type QTm)
 <use  "figures/107.png" > [156] [157]
Overfull \hbox (5.03674pt too wide) in paragraph at lines 3438--3439
[]\TU/lmr/m/n/10.95 Faster-RCNN:It essentially exploits single-person pose esti
mation approaches on cropped
 []

[158] [159]
Missing character: There is no  in font [lmroman10-regular]:mapping=tex-text;!

Overfull \hbox (5.20322pt too wide) in paragraph at lines 3484--3490
\TU/lmr/m/n/10.95 where to encode the Gaussian prior of keypoint heatmaps, the 
resulting pose-guided heatmaps
 []

[160] [161] [162] [163] [164] [165] [166] (./document.aux) ) 
Here is how much of TeX's memory you used:
 20688 strings out of 493005
 414283 string characters out of 6140897
 440943 words of memory out of 5000000
 24336 multiletter control sequences out of 15000+600000
 10774 words of font info for 65 fonts, out of 8000000 for 9000
 1348 hyphenation exceptions out of 8191
 57i,16n,68p,10416b,323s stack positions out of 5000i,500n,10000p,200000b,80000s

Output written on document.pdf (166 pages).
